SF:lib\card\album_card.dart
DA:11,2
DA:19,1
DA:20,1
DA:22,1
DA:23,0
DA:24,0
DA:26,0
DA:27,0
DA:28,0
DA:29,0
DA:30,0
DA:31,0
DA:37,1
DA:39,1
DA:40,1
DA:42,1
DA:44,1
DA:45,2
DA:47,1
DA:48,1
LF:20
LH:12
end_of_record
SF:lib\card\row_card.dart
DA:12,1
DA:21,0
DA:22,1
DA:24,1
DA:25,0
DA:26,0
DA:27,0
DA:28,0
DA:29,0
DA:30,0
DA:31,0
DA:32,0
DA:36,1
DA:38,1
DA:40,1
DA:41,1
DA:42,1
DA:43,2
DA:45,1
DA:47,1
DA:49,1
DA:50,2
DA:51,1
DA:54,1
LF:24
LH:15
end_of_record
SF:lib\card\song_card.dart
DA:12,1
DA:21,0
DA:22,1
DA:24,1
DA:25,0
DA:26,0
DA:27,0
DA:28,0
DA:29,0
DA:30,0
DA:31,0
DA:32,0
DA:36,1
DA:38,1
DA:39,1
DA:40,1
DA:42,1
DA:43,2
DA:45,1
DA:46,1
LF:20
LH:11
end_of_record
SF:lib\main.dart
DA:4,0
DA:5,0
DA:9,2
DA:11,1
DA:12,1
DA:16,1
DA:18,1
DA:20,1
LF:8
LH:6
end_of_record
SF:lib\methods\get_greeting.dart
DA:1,1
DA:2,2
DA:3,1
DA:6,1
LF:4
LH:4
end_of_record
SF:lib\models\data.dart
DA:3,3
DA:5,3
DA:13,1
DA:15,1
DA:16,1
DA:17,0
DA:18,0
DA:19,0
DA:22,2
DA:23,2
DA:24,2
DA:27,1
DA:28,1
DA:29,1
DA:30,0
DA:32,2
DA:33,2
DA:34,2
DA:58,1
DA:77,1
DA:78,2
DA:79,2
DA:80,2
DA:81,2
DA:82,2
DA:83,2
DA:84,2
DA:85,2
DA:86,2
DA:87,2
DA:88,2
DA:89,2
DA:90,2
DA:91,2
DA:92,1
DA:93,1
DA:94,2
DA:95,2
DA:98,1
DA:99,1
DA:100,2
DA:101,2
DA:102,2
DA:103,2
DA:104,2
DA:105,2
DA:106,2
DA:107,2
DA:108,2
DA:109,2
DA:110,2
DA:111,2
DA:112,2
DA:113,2
DA:114,1
DA:115,0
DA:117,1
DA:118,0
DA:120,2
DA:137,1
DA:149,1
DA:150,2
DA:151,2
DA:152,2
DA:153,2
DA:154,2
DA:155,2
DA:156,2
DA:157,2
DA:158,2
DA:159,2
DA:162,1
DA:163,1
DA:164,2
DA:165,2
DA:166,2
DA:167,2
DA:168,2
DA:169,2
DA:170,2
DA:171,2
DA:172,2
DA:173,2
DA:190,1
DA:202,1
DA:203,2
DA:204,2
DA:205,2
DA:206,2
DA:207,2
DA:208,2
DA:209,2
DA:210,2
DA:211,2
DA:212,2
DA:215,1
DA:216,1
DA:217,2
DA:218,2
DA:219,2
DA:220,2
DA:221,2
DA:222,2
DA:223,2
DA:224,2
DA:225,2
DA:226,2
LF:107
LH:101
end_of_record
SF:lib\screen\albumview.dart
DA:15,1
DA:21,0
DA:22,1
DA:23,1
DA:30,1
DA:31,1
DA:32,2
DA:33,1
DA:34,2
DA:39,1
DA:41,5
DA:42,1
DA:43,1
DA:45,3
DA:52,1
DA:54,1
DA:56,1
DA:58,1
DA:59,0
DA:60,0
DA:61,0
DA:83,1
DA:84,1
DA:85,1
DA:86,1
DA:88,1
DA:90,1
DA:91,1
DA:93,3
DA:94,2
DA:100,1
DA:102,1
DA:104,1
DA:105,3
DA:125,1
DA:129,1
DA:130,1
DA:131,1
DA:132,3
DA:133,1
DA:134,1
DA:137,1
DA:138,1
DA:139,1
DA:140,1
DA:144,1
DA:146,1
DA:147,1
DA:148,1
DA:150,1
DA:152,1
DA:153,1
DA:155,3
DA:160,1
DA:172,1
DA:174,3
DA:177,1
DA:179,1
DA:180,1
DA:190,1
DA:192,1
DA:193,2
DA:194,1
DA:195,2
DA:199,0
DA:200,0
DA:201,0
DA:204,0
DA:205,0
DA:206,0
DA:207,0
DA:208,0
DA:209,0
DA:210,0
DA:211,0
DA:214,0
DA:215,0
DA:232,1
DA:235,1
DA:237,1
DA:238,1
DA:240,3
DA:242,1
DA:244,1
DA:246,1
DA:247,1
DA:255,1
DA:266,1
DA:268,1
DA:270,1
DA:271,1
DA:279,1
DA:300,1
DA:301,1
DA:306,0
DA:307,0
DA:308,0
DA:309,0
DA:310,0
DA:318,0
DA:320,0
DA:321,0
DA:329,0
DA:331,0
LF:104
LH:77
end_of_record
SF:lib\screen\home.dart
DA:11,2
DA:13,1
DA:14,1
DA:23,1
DA:25,1
DA:26,1
DA:27,2
DA:28,1
DA:29,2
DA:33,0
DA:34,0
DA:35,0
DA:38,0
DA:39,0
DA:41,0
DA:42,0
DA:43,0
DA:44,0
DA:45,0
DA:46,0
DA:49,0
DA:50,0
DA:51,0
DA:55,0
DA:57,0
DA:58,0
DA:61,0
DA:63,0
DA:65,0
DA:67,0
DA:68,0
DA:69,0
DA:81,0
DA:83,0
DA:84,0
DA:85,0
DA:86,0
DA:88,0
DA:89,0
DA:90,0
DA:94,0
DA:95,0
DA:105,0
DA:109,0
DA:110,0
DA:127,0
DA:129,0
DA:131,0
DA:132,0
DA:144,0
DA:158,0
DA:174,0
DA:176,0
DA:177,0
DA:179,0
DA:181,0
DA:184,0
DA:190,0
DA:191,0
DA:192,0
DA:193,0
DA:194,0
DA:195,0
DA:196,0
DA:200,0
DA:201,0
DA:206,0
DA:208,0
DA:210,0
DA:213,0
DA:219,0
DA:220,0
DA:221,0
DA:222,0
DA:223,0
DA:224,0
DA:225,0
DA:227,0
DA:228,0
DA:234,0
DA:236,0
DA:238,0
DA:241,0
DA:247,0
DA:248,0
DA:249,0
DA:250,0
DA:251,0
DA:252,0
DA:253,0
DA:263,0
DA:269,0
DA:272,0
DA:280,0
DA:282,0
DA:285,0
DA:286,0
DA:290,0
DA:291,0
DA:295,0
DA:303,0
DA:309,0
DA:310,0
DA:311,0
DA:312,0
DA:313,0
DA:314,0
DA:315,0
DA:317,0
DA:318,0
DA:343,1
DA:347,0
DA:348,0
DA:350,0
DA:352,0
DA:358,0
DA:359,0
DA:361,0
DA:364,0
DA:365,0
DA:366,0
DA:367,0
DA:373,0
DA:389,0
DA:394,0
DA:396,0
DA:397,0
DA:401,0
DA:403,0
DA:404,0
DA:405,0
DA:406,0
DA:407,0
DA:408,0
DA:409,0
DA:410,0
DA:414,0
DA:416,0
DA:417,0
DA:419,0
DA:421,0
DA:422,0
DA:423,0
DA:425,0
DA:433,0
DA:435,0
DA:436,0
DA:438,0
DA:440,0
DA:441,0
DA:442,0
DA:443,0
DA:444,0
DA:449,0
DA:450,0
DA:451,0
DA:452,0
DA:460,0
DA:461,0
DA:462,0
DA:463,0
DA:466,0
DA:468,0
DA:475,0
DA:478,0
DA:479,0
DA:480,0
DA:481,0
DA:482,0
DA:483,0
DA:484,0
DA:487,0
DA:491,0
DA:493,0
DA:494,0
LF:175
LH:10
end_of_record
SF:lib\screen\search.dart
DA:6,3
DA:8,1
DA:9,1
DA:14,1
DA:16,1
DA:17,1
DA:18,2
DA:19,1
DA:20,2
DA:24,1
DA:25,0
DA:26,0
DA:29,1
DA:31,1
DA:32,1
DA:33,3
DA:34,4
DA:35,1
DA:36,1
DA:39,1
DA:40,1
DA:41,1
DA:45,1
DA:47,1
DA:48,1
DA:51,1
DA:62,1
DA:64,1
DA:66,1
DA:68,1
DA:70,1
DA:71,1
DA:72,1
DA:73,0
DA:74,0
DA:75,0
DA:84,1
DA:92,0
DA:93,0
DA:94,0
DA:95,0
DA:98,0
DA:99,0
DA:107,1
DA:109,1
DA:122,1
DA:124,1
DA:126,1
DA:128,3
DA:130,1
DA:132,1
DA:146,1
DA:149,1
DA:160,1
DA:161,1
DA:162,1
DA:163,1
DA:165,3
DA:167,1
DA:168,1
DA:171,1
DA:174,1
DA:175,1
DA:177,1
DA:189,1
DA:191,1
DA:192,5
DA:193,1
DA:200,1
DA:201,1
DA:203,3
DA:205,1
DA:206,1
DA:210,1
DA:213,1
DA:214,1
DA:216,1
DA:226,1
DA:228,1
DA:229,5
DA:230,1
LF:81
LH:70
end_of_record
SF:lib\screen\search2.dart
DA:6,2
DA:8,1
DA:9,1
DA:16,1
DA:19,2
DA:20,0
DA:22,1
DA:24,1
DA:25,1
DA:26,2
DA:27,1
DA:28,1
DA:29,0
DA:30,0
DA:33,1
DA:34,1
DA:36,1
DA:37,1
DA:38,3
DA:39,4
DA:40,1
DA:41,1
DA:44,1
DA:45,1
DA:46,1
DA:50,1
DA:52,1
DA:53,1
DA:56,1
DA:57,1
DA:59,1
DA:61,1
DA:62,1
DA:65,1
DA:67,1
DA:69,1
DA:70,1
DA:71,1
DA:91,0
DA:92,0
DA:93,0
DA:94,0
DA:96,0
DA:99,0
DA:100,0
DA:101,0
DA:102,0
DA:103,0
DA:104,0
DA:108,0
DA:109,0
DA:110,0
DA:112,0
DA:114,0
DA:120,1
DA:121,1
DA:122,1
DA:126,0
DA:127,0
DA:136,1
DA:137,4
DA:138,3
DA:139,1
DA:141,2
DA:142,0
DA:143,0
DA:144,0
DA:145,0
DA:146,0
DA:149,0
DA:150,0
DA:151,0
DA:152,0
DA:153,0
DA:154,0
DA:155,0
DA:156,0
DA:158,0
DA:159,0
DA:160,0
LF:80
LH:43
end_of_record
SF:lib\screen\songview.dart
DA:17,1
DA:23,0
DA:25,1
DA:26,1
DA:41,1
DA:43,1
DA:45,3
DA:46,0
DA:47,0
DA:51,2
DA:52,3
DA:53,3
DA:54,0
DA:55,0
DA:58,3
DA:59,0
DA:60,0
DA:65,0
DA:66,0
DA:67,0
DA:69,1
DA:71,2
DA:72,2
DA:73,1
DA:76,0
DA:78,0
DA:81,0
DA:82,0
DA:85,1
DA:87,6
DA:88,4
DA:89,1
DA:91,1
DA:93,1
DA:94,1
DA:95,1
DA:96,1
DA:98,3
DA:99,3
DA:106,1
DA:107,1
DA:108,1
DA:109,1
DA:110,1
DA:111,4
DA:112,1
DA:113,1
DA:114,1
DA:115,1
DA:123,1
DA:125,1
DA:126,1
DA:128,1
DA:129,1
DA:131,1
DA:133,1
DA:134,1
DA:139,0
DA:150,1
DA:155,0
DA:161,1
DA:163,1
DA:165,3
DA:167,2
DA:171,1
DA:173,1
DA:175,1
DA:176,1
DA:178,1
DA:179,1
DA:183,1
DA:184,2
DA:193,1
DA:194,2
DA:205,1
DA:207,1
DA:208,1
DA:210,3
DA:211,1
DA:212,2
DA:213,2
DA:215,0
DA:216,0
DA:220,1
DA:222,1
DA:223,1
DA:225,3
DA:227,1
DA:229,3
DA:233,1
DA:236,1
DA:237,1
DA:240,1
DA:241,2
DA:242,1
DA:243,1
DA:244,0
DA:245,0
DA:248,1
DA:249,1
DA:250,1
DA:251,1
DA:256,0
DA:257,0
DA:258,0
DA:259,0
DA:260,0
DA:263,0
DA:266,0
DA:268,0
DA:269,0
DA:270,0
DA:271,0
DA:272,0
DA:274,0
DA:275,0
DA:287,1
DA:289,1
DA:291,1
DA:294,1
DA:295,1
DA:296,1
DA:299,0
DA:300,0
DA:301,0
DA:302,0
DA:303,0
DA:304,0
DA:307,0
DA:308,0
DA:309,0
DA:310,0
DA:318,1
DA:321,1
DA:322,2
DA:323,1
DA:324,1
DA:325,0
DA:326,0
DA:329,1
DA:330,1
DA:331,1
DA:332,1
DA:337,0
DA:338,0
DA:339,0
DA:340,0
DA:341,0
DA:344,0
DA:345,0
DA:349,0
DA:350,0
DA:351,0
DA:352,0
DA:353,0
DA:355,0
DA:356,0
LF:157
LH:97
end_of_record
SF:lib\navigation\tabbar.dart
DA:8,1
DA:10,1
DA:11,1
DA:17,1
DA:19,1
DA:20,1
DA:22,1
DA:23,1
DA:24,1
DA:26,1
DA:27,0
DA:28,0
DA:29,0
DA:51,1
DA:52,1
DA:53,1
DA:54,1
DA:55,1
DA:56,1
DA:63,1
DA:64,1
DA:65,2
DA:66,1
DA:67,2
DA:72,1
DA:73,2
DA:74,1
DA:78,1
DA:79,1
DA:80,1
DA:83,1
DA:86,1
DA:87,1
DA:88,1
DA:90,1
DA:98,1
DA:100,1
DA:101,1
DA:103,1
LF:39
LH:36
end_of_record
SF:lib\screen\library.dart
DA:5,2
DA:7,1
DA:8,1
DA:12,1
DA:14,1
DA:15,1
DA:17,1
DA:18,1
DA:19,3
DA:20,4
DA:21,1
DA:22,1
DA:25,1
DA:26,1
DA:27,1
DA:31,1
DA:33,1
DA:34,1
DA:35,1
DA:36,1
DA:39,1
DA:69,1
DA:70,1
DA:72,1
DA:76,1
DA:77,1
DA:78,1
DA:87,1
DA:91,1
DA:92,1
DA:93,1
DA:104,1
DA:105,1
DA:107,1
DA:108,2
DA:123,1
DA:124,1
DA:125,1
DA:126,1
DA:136,1
DA:137,1
DA:138,1
DA:140,1
DA:142,1
DA:143,1
LF:45
LH:45
end_of_record
SF:lib\services\api.dart
DA:4,1
DA:5,1
DA:6,1
DA:7,2
DA:8,0
DA:9,0
DA:11,1
LF:7
LH:5
end_of_record
